<?xml version="1.0" encoding="UTF-8"?>
<coverage generated="1664672072879" clover="3.2.0">
  <project timestamp="1664672072879" name="All files">
    <metrics statements="43" coveredstatements="35" conditionals="0" coveredconditionals="0" methods="8" coveredmethods="0" elements="51" coveredelements="35" complexity="0" loc="43" ncloc="43" packages="5" files="13" classes="13"/>
    <package name="src">
      <metrics statements="2" coveredstatements="2" conditionals="0" coveredconditionals="0" methods="0" coveredmethods="0"/>
      <file name="App.vue" path="/Users/jtreeves/Dropbox/Programming/battle-of-the-frontend-frameworks/grocery-vue/src/App.vue">
        <metrics statements="2" coveredstatements="2" conditionals="0" coveredconditionals="0" methods="0" coveredmethods="0"/>
        <line num="8" count="1" type="stmt"/>
        <line num="9" count="1" type="stmt"/>
      </file>
    </package>
    <package name="src.components">
      <metrics statements="2" coveredstatements="2" conditionals="0" coveredconditionals="0" methods="0" coveredmethods="0"/>
      <file name="AppFooter.vue" path="/Users/jtreeves/Dropbox/Programming/battle-of-the-frontend-frameworks/grocery-vue/src/components/AppFooter.vue">
        <metrics statements="2" coveredstatements="2" conditionals="0" coveredconditionals="0" methods="0" coveredmethods="0"/>
        <line num="8" count="2" type="stmt"/>
        <line num="9" count="2" type="stmt"/>
      </file>
    </package>
    <package name="src.router">
      <metrics statements="25" coveredstatements="25" conditionals="0" coveredconditionals="0" methods="0" coveredmethods="0"/>
      <file name="cartRoute.ts" path="/Users/jtreeves/Dropbox/Programming/battle-of-the-frontend-frameworks/grocery-vue/src/router/cartRoute.ts">
        <metrics statements="3" coveredstatements="3" conditionals="0" coveredconditionals="0" methods="0" coveredmethods="0"/>
        <line num="4" count="14" type="stmt"/>
        <line num="6" count="14" type="stmt"/>
        <line num="12" count="14" type="stmt"/>
      </file>
      <file name="homeRoute.ts" path="/Users/jtreeves/Dropbox/Programming/battle-of-the-frontend-frameworks/grocery-vue/src/router/homeRoute.ts">
        <metrics statements="3" coveredstatements="3" conditionals="0" coveredconditionals="0" methods="0" coveredmethods="0"/>
        <line num="4" count="14" type="stmt"/>
        <line num="6" count="14" type="stmt"/>
        <line num="12" count="14" type="stmt"/>
      </file>
      <file name="index.ts" path="/Users/jtreeves/Dropbox/Programming/battle-of-the-frontend-frameworks/grocery-vue/src/router/index.ts">
        <metrics statements="4" coveredstatements="4" conditionals="0" coveredconditionals="0" methods="0" coveredmethods="0"/>
        <line num="1" count="14" type="stmt"/>
        <line num="6" count="14" type="stmt"/>
        <line num="8" count="14" type="stmt"/>
        <line num="13" count="14" type="stmt"/>
      </file>
      <file name="receiptRoute.ts" path="/Users/jtreeves/Dropbox/Programming/battle-of-the-frontend-frameworks/grocery-vue/src/router/receiptRoute.ts">
        <metrics statements="3" coveredstatements="3" conditionals="0" coveredconditionals="0" methods="0" coveredmethods="0"/>
        <line num="4" count="14" type="stmt"/>
        <line num="6" count="14" type="stmt"/>
        <line num="12" count="14" type="stmt"/>
      </file>
      <file name="resultsRoute.ts" path="/Users/jtreeves/Dropbox/Programming/battle-of-the-frontend-frameworks/grocery-vue/src/router/resultsRoute.ts">
        <metrics statements="3" coveredstatements="3" conditionals="0" coveredconditionals="0" methods="0" coveredmethods="0"/>
        <line num="4" count="14" type="stmt"/>
        <line num="6" count="14" type="stmt"/>
        <line num="12" count="14" type="stmt"/>
      </file>
      <file name="root.ts" path="/Users/jtreeves/Dropbox/Programming/battle-of-the-frontend-frameworks/grocery-vue/src/router/root.ts">
        <metrics statements="2" coveredstatements="2" conditionals="0" coveredconditionals="0" methods="0" coveredmethods="0"/>
        <line num="5" count="14" type="stmt"/>
        <line num="10" count="14" type="stmt"/>
      </file>
      <file name="routes.ts" path="/Users/jtreeves/Dropbox/Programming/battle-of-the-frontend-frameworks/grocery-vue/src/router/routes.ts">
        <metrics statements="7" coveredstatements="7" conditionals="0" coveredconditionals="0" methods="0" coveredmethods="0"/>
        <line num="4" count="14" type="stmt"/>
        <line num="5" count="14" type="stmt"/>
        <line num="6" count="14" type="stmt"/>
        <line num="7" count="14" type="stmt"/>
        <line num="8" count="14" type="stmt"/>
        <line num="10" count="14" type="stmt"/>
        <line num="18" count="14" type="stmt"/>
      </file>
    </package>
    <package name="src.store">
      <metrics statements="10" coveredstatements="4" conditionals="0" coveredconditionals="0" methods="6" coveredmethods="0"/>
      <file name="cart.ts" path="/Users/jtreeves/Dropbox/Programming/battle-of-the-frontend-frameworks/grocery-vue/src/store/cart.ts">
        <metrics statements="5" coveredstatements="2" conditionals="0" coveredconditionals="0" methods="3" coveredmethods="0"/>
        <line num="1" count="1" type="stmt"/>
        <line num="9" count="1" type="stmt"/>
        <line num="12" count="0" type="stmt"/>
        <line num="15" count="0" type="stmt"/>
        <line num="18" count="0" type="stmt"/>
      </file>
      <file name="stock.ts" path="/Users/jtreeves/Dropbox/Programming/battle-of-the-frontend-frameworks/grocery-vue/src/store/stock.ts">
        <metrics statements="5" coveredstatements="2" conditionals="0" coveredconditionals="0" methods="3" coveredmethods="0"/>
        <line num="1" count="1" type="stmt"/>
        <line num="9" count="1" type="stmt"/>
        <line num="12" count="0" type="stmt"/>
        <line num="15" count="0" type="stmt"/>
        <line num="18" count="0" type="stmt"/>
      </file>
    </package>
    <package name="src.utilities">
      <metrics statements="4" coveredstatements="2" conditionals="0" coveredconditionals="0" methods="2" coveredmethods="0"/>
      <file name="calculateTotal.ts" path="/Users/jtreeves/Dropbox/Programming/battle-of-the-frontend-frameworks/grocery-vue/src/utilities/calculateTotal.ts">
        <metrics statements="2" coveredstatements="1" conditionals="0" coveredconditionals="0" methods="1" coveredmethods="0"/>
        <line num="2" count="0" type="stmt"/>
        <line num="5" count="1" type="stmt"/>
      </file>
      <file name="findFoodById.ts" path="/Users/jtreeves/Dropbox/Programming/battle-of-the-frontend-frameworks/grocery-vue/src/utilities/findFoodById.ts">
        <metrics statements="2" coveredstatements="1" conditionals="0" coveredconditionals="0" methods="1" coveredmethods="0"/>
        <line num="2" count="0" type="stmt"/>
        <line num="5" count="1" type="stmt"/>
      </file>
    </package>
  </project>
</coverage>
