{"/Users/jtreeves/Dropbox/Programming/battle-of-the-frontend-frameworks/grocery-vue/src/App.vue": {"path":"/Users/jtreeves/Dropbox/Programming/battle-of-the-frontend-frameworks/grocery-vue/src/App.vue","statementMap":{"0":{"start":{"line":8,"column":0},"end":{"line":8,"column":null}},"1":{"start":{"line":9,"column":4},"end":{"line":9,"column":null}}},"fnMap":{},"branchMap":{},"s":{"0":1,"1":1},"f":{},"b":{}}
,"/Users/jtreeves/Dropbox/Programming/battle-of-the-frontend-frameworks/grocery-vue/src/components/AppFooter.vue": {"path":"/Users/jtreeves/Dropbox/Programming/battle-of-the-frontend-frameworks/grocery-vue/src/components/AppFooter.vue","statementMap":{"0":{"start":{"line":8,"column":22},"end":{"line":8,"column":26}},"1":{"start":{"line":9,"column":25},"end":{"line":9,"column":28}}},"fnMap":{},"branchMap":{},"s":{"0":2,"1":2},"f":{},"b":{}}
,"/Users/jtreeves/Dropbox/Programming/battle-of-the-frontend-frameworks/grocery-vue/src/router/cartRoute.ts": {"path":"/Users/jtreeves/Dropbox/Programming/battle-of-the-frontend-frameworks/grocery-vue/src/router/cartRoute.ts","statementMap":{"0":{"start":{"line":4,"column":0},"end":{"line":4,"column":null}},"1":{"start":{"line":6,"column":34},"end":{"line":6,"column":null}},"2":{"start":{"line":12,"column":0},"end":{"line":12,"column":15}}},"fnMap":{},"branchMap":{},"s":{"0":14,"1":14,"2":14},"f":{},"b":{}}
,"/Users/jtreeves/Dropbox/Programming/battle-of-the-frontend-frameworks/grocery-vue/src/router/homeRoute.ts": {"path":"/Users/jtreeves/Dropbox/Programming/battle-of-the-frontend-frameworks/grocery-vue/src/router/homeRoute.ts","statementMap":{"0":{"start":{"line":4,"column":0},"end":{"line":4,"column":null}},"1":{"start":{"line":6,"column":34},"end":{"line":6,"column":null}},"2":{"start":{"line":12,"column":0},"end":{"line":12,"column":15}}},"fnMap":{},"branchMap":{},"s":{"0":14,"1":14,"2":14},"f":{},"b":{}}
,"/Users/jtreeves/Dropbox/Programming/battle-of-the-frontend-frameworks/grocery-vue/src/router/index.ts": {"path":"/Users/jtreeves/Dropbox/Programming/battle-of-the-frontend-frameworks/grocery-vue/src/router/index.ts","statementMap":{"0":{"start":{"line":1,"column":0},"end":{"line":1,"column":null}},"1":{"start":{"line":6,"column":0},"end":{"line":6,"column":null}},"2":{"start":{"line":8,"column":23},"end":{"line":8,"column":36}},"3":{"start":{"line":13,"column":0},"end":{"line":13,"column":15}}},"fnMap":{},"branchMap":{},"s":{"0":14,"1":14,"2":14,"3":14},"f":{},"b":{}}
,"/Users/jtreeves/Dropbox/Programming/battle-of-the-frontend-frameworks/grocery-vue/src/router/receiptRoute.ts": {"path":"/Users/jtreeves/Dropbox/Programming/battle-of-the-frontend-frameworks/grocery-vue/src/router/receiptRoute.ts","statementMap":{"0":{"start":{"line":4,"column":0},"end":{"line":4,"column":null}},"1":{"start":{"line":6,"column":37},"end":{"line":6,"column":null}},"2":{"start":{"line":12,"column":0},"end":{"line":12,"column":15}}},"fnMap":{},"branchMap":{},"s":{"0":14,"1":14,"2":14},"f":{},"b":{}}
,"/Users/jtreeves/Dropbox/Programming/battle-of-the-frontend-frameworks/grocery-vue/src/router/resultsRoute.ts": {"path":"/Users/jtreeves/Dropbox/Programming/battle-of-the-frontend-frameworks/grocery-vue/src/router/resultsRoute.ts","statementMap":{"0":{"start":{"line":4,"column":0},"end":{"line":4,"column":null}},"1":{"start":{"line":6,"column":37},"end":{"line":6,"column":null}},"2":{"start":{"line":12,"column":0},"end":{"line":12,"column":15}}},"fnMap":{},"branchMap":{},"s":{"0":14,"1":14,"2":14},"f":{},"b":{}}
,"/Users/jtreeves/Dropbox/Programming/battle-of-the-frontend-frameworks/grocery-vue/src/router/root.ts": {"path":"/Users/jtreeves/Dropbox/Programming/battle-of-the-frontend-frameworks/grocery-vue/src/router/root.ts","statementMap":{"0":{"start":{"line":5,"column":29},"end":{"line":5,"column":null}},"1":{"start":{"line":10,"column":0},"end":{"line":10,"column":15}}},"fnMap":{},"branchMap":{},"s":{"0":14,"1":14},"f":{},"b":{}}
,"/Users/jtreeves/Dropbox/Programming/battle-of-the-frontend-frameworks/grocery-vue/src/router/routes.ts": {"path":"/Users/jtreeves/Dropbox/Programming/battle-of-the-frontend-frameworks/grocery-vue/src/router/routes.ts","statementMap":{"0":{"start":{"line":4,"column":0},"end":{"line":4,"column":null}},"1":{"start":{"line":5,"column":0},"end":{"line":5,"column":null}},"2":{"start":{"line":6,"column":0},"end":{"line":6,"column":null}},"3":{"start":{"line":7,"column":0},"end":{"line":7,"column":null}},"4":{"start":{"line":8,"column":0},"end":{"line":8,"column":null}},"5":{"start":{"line":10,"column":38},"end":{"line":10,"column":null}},"6":{"start":{"line":18,"column":0},"end":{"line":18,"column":15}}},"fnMap":{},"branchMap":{},"s":{"0":14,"1":14,"2":14,"3":14,"4":14,"5":14,"6":14},"f":{},"b":{}}
,"/Users/jtreeves/Dropbox/Programming/battle-of-the-frontend-frameworks/grocery-vue/src/store/cart.ts": {"path":"/Users/jtreeves/Dropbox/Programming/battle-of-the-frontend-frameworks/grocery-vue/src/store/cart.ts","statementMap":{"0":{"start":{"line":1,"column":0},"end":{"line":1,"column":null}},"1":{"start":{"line":9,"column":0},"end":{"line":9,"column":15}},"2":{"start":{"line":12,"column":8},"end":{"line":12,"column":13}},"3":{"start":{"line":15,"column":8},"end":{"line":15,"column":13}},"4":{"start":{"line":18,"column":8},"end":{"line":18,"column":13}}},"fnMap":{"0":{"name":"(anonymous_0)","decl":{"start":{"line":11,"column":4},"end":{"line":11,"column":13}},"loc":{"start":{"line":11,"column":24},"end":{"line":13,"column":null}}},"1":{"name":"(anonymous_1)","decl":{"start":{"line":14,"column":4},"end":{"line":14,"column":13}},"loc":{"start":{"line":14,"column":13},"end":{"line":16,"column":null}}},"2":{"name":"(anonymous_2)","decl":{"start":{"line":17,"column":4},"end":{"line":17,"column":9}},"loc":{"start":{"line":17,"column":9},"end":{"line":19,"column":null}}}},"branchMap":{},"s":{"0":1,"1":1,"2":0,"3":0,"4":0},"f":{"0":0,"1":0,"2":0},"b":{}}
,"/Users/jtreeves/Dropbox/Programming/battle-of-the-frontend-frameworks/grocery-vue/src/store/stock.ts": {"path":"/Users/jtreeves/Dropbox/Programming/battle-of-the-frontend-frameworks/grocery-vue/src/store/stock.ts","statementMap":{"0":{"start":{"line":1,"column":0},"end":{"line":1,"column":null}},"1":{"start":{"line":9,"column":0},"end":{"line":9,"column":15}},"2":{"start":{"line":12,"column":8},"end":{"line":12,"column":13}},"3":{"start":{"line":15,"column":8},"end":{"line":15,"column":13}},"4":{"start":{"line":18,"column":8},"end":{"line":18,"column":13}}},"fnMap":{"0":{"name":"(anonymous_0)","decl":{"start":{"line":11,"column":4},"end":{"line":11,"column":13}},"loc":{"start":{"line":11,"column":24},"end":{"line":13,"column":null}}},"1":{"name":"(anonymous_1)","decl":{"start":{"line":14,"column":4},"end":{"line":14,"column":13}},"loc":{"start":{"line":14,"column":13},"end":{"line":16,"column":null}}},"2":{"name":"(anonymous_2)","decl":{"start":{"line":17,"column":4},"end":{"line":17,"column":9}},"loc":{"start":{"line":17,"column":9},"end":{"line":19,"column":null}}}},"branchMap":{},"s":{"0":1,"1":1,"2":0,"3":0,"4":0},"f":{"0":0,"1":0,"2":0},"b":{}}
,"/Users/jtreeves/Dropbox/Programming/battle-of-the-frontend-frameworks/grocery-vue/src/utilities/calculateTotal.ts": {"path":"/Users/jtreeves/Dropbox/Programming/battle-of-the-frontend-frameworks/grocery-vue/src/utilities/calculateTotal.ts","statementMap":{"0":{"start":{"line":2,"column":4},"end":{"line":2,"column":11}},"1":{"start":{"line":5,"column":0},"end":{"line":5,"column":15}}},"fnMap":{"0":{"name":"calculateTotal","decl":{"start":{"line":1,"column":9},"end":{"line":1,"column":23}},"loc":{"start":{"line":1,"column":23},"end":{"line":3,"column":null}}}},"branchMap":{},"s":{"0":0,"1":1},"f":{"0":0},"b":{}}
,"/Users/jtreeves/Dropbox/Programming/battle-of-the-frontend-frameworks/grocery-vue/src/utilities/findFoodById.ts": {"path":"/Users/jtreeves/Dropbox/Programming/battle-of-the-frontend-frameworks/grocery-vue/src/utilities/findFoodById.ts","statementMap":{"0":{"start":{"line":2,"column":4},"end":{"line":2,"column":11}},"1":{"start":{"line":5,"column":0},"end":{"line":5,"column":15}}},"fnMap":{"0":{"name":"findFoodById","decl":{"start":{"line":1,"column":9},"end":{"line":1,"column":21}},"loc":{"start":{"line":1,"column":21},"end":{"line":3,"column":null}}}},"branchMap":{},"s":{"0":0,"1":1},"f":{"0":0},"b":{}}
}
