TN:
SF:src/App.vue
FNF:0
FNH:0
DA:8,1
DA:9,1
LF:2
LH:2
BRF:0
BRH:0
end_of_record
TN:
SF:src/components/AppFooter.vue
FNF:0
FNH:0
DA:8,2
DA:9,2
LF:2
LH:2
BRF:0
BRH:0
end_of_record
TN:
SF:src/router/cartRoute.ts
FNF:0
FNH:0
DA:4,14
DA:6,14
DA:12,14
LF:3
LH:3
BRF:0
BRH:0
end_of_record
TN:
SF:src/router/homeRoute.ts
FNF:0
FNH:0
DA:4,14
DA:6,14
DA:12,14
LF:3
LH:3
BRF:0
BRH:0
end_of_record
TN:
SF:src/router/index.ts
FNF:0
FNH:0
DA:1,14
DA:6,14
DA:8,14
DA:13,14
LF:4
LH:4
BRF:0
BRH:0
end_of_record
TN:
SF:src/router/receiptRoute.ts
FNF:0
FNH:0
DA:4,14
DA:6,14
DA:12,14
LF:3
LH:3
BRF:0
BRH:0
end_of_record
TN:
SF:src/router/resultsRoute.ts
FNF:0
FNH:0
DA:4,14
DA:6,14
DA:12,14
LF:3
LH:3
BRF:0
BRH:0
end_of_record
TN:
SF:src/router/root.ts
FNF:0
FNH:0
DA:5,14
DA:10,14
LF:2
LH:2
BRF:0
BRH:0
end_of_record
TN:
SF:src/router/routes.ts
FNF:0
FNH:0
DA:4,14
DA:5,14
DA:6,14
DA:7,14
DA:8,14
DA:10,14
DA:18,14
LF:7
LH:7
BRF:0
BRH:0
end_of_record
TN:
SF:src/store/cart.ts
FN:11,(anonymous_0)
FN:14,(anonymous_1)
FN:17,(anonymous_2)
FNF:3
FNH:0
FNDA:0,(anonymous_0)
FNDA:0,(anonymous_1)
FNDA:0,(anonymous_2)
DA:1,1
DA:9,1
DA:12,0
DA:15,0
DA:18,0
LF:5
LH:2
BRF:0
BRH:0
end_of_record
TN:
SF:src/store/stock.ts
FN:11,(anonymous_0)
FN:14,(anonymous_1)
FN:17,(anonymous_2)
FNF:3
FNH:0
FNDA:0,(anonymous_0)
FNDA:0,(anonymous_1)
FNDA:0,(anonymous_2)
DA:1,1
DA:9,1
DA:12,0
DA:15,0
DA:18,0
LF:5
LH:2
BRF:0
BRH:0
end_of_record
TN:
SF:src/utilities/calculateTotal.ts
FN:1,calculateTotal
FNF:1
FNH:0
FNDA:0,calculateTotal
DA:2,0
DA:5,1
LF:2
LH:1
BRF:0
BRH:0
end_of_record
TN:
SF:src/utilities/findFoodById.ts
FN:1,findFoodById
FNF:1
FNH:0
FNDA:0,findFoodById
DA:2,0
DA:5,1
LF:2
LH:1
BRF:0
BRH:0
end_of_record
